DEPRECATION WARNING: Leaving `ActiveRecord::ConnectionAdapters::SQLite3Adapter.represent_boolean_as_integer`
set to false is deprecated. SQLite databases have used 't' and 'f' to serialize
boolean values and must have old data converted to 1 and 0 (its native boolean
serialization) before setting this flag to true. Conversion can be accomplished
by setting up a rake task which runs

  ExampleModel.where("boolean_column = 't'").update_all(boolean_column: 1)
  ExampleModel.where("boolean_column = 'f'").update_all(boolean_column: 0)

for all models and all boolean columns, after which the flag must be set to
true by adding the following to your application.rb file:

  Rails.application.config.active_record.sqlite3.represent_boolean_as_integer = true
 (called from <top (required)> at /home/ubuntu/workspace/learn-together/app/models/user.rb:1)
DEPRECATION WARNING: Leaving `ActiveRecord::ConnectionAdapters::SQLite3Adapter.represent_boolean_as_integer`
set to false is deprecated. SQLite databases have used 't' and 'f' to serialize
boolean values and must have old data converted to 1 and 0 (its native boolean
serialization) before setting this flag to true. Conversion can be accomplished
by setting up a rake task which runs

  ExampleModel.where("boolean_column = 't'").update_all(boolean_column: 1)
  ExampleModel.where("boolean_column = 'f'").update_all(boolean_column: 0)

for all models and all boolean columns, after which the flag must be set to
true by adding the following to your application.rb file:

  Rails.application.config.active_record.sqlite3.represent_boolean_as_integer = true
 (called from <top (required)> at /home/ubuntu/workspace/learn-together/app/models/user.rb:1)
  [1m[35m (0.2ms)[0m  [1m[34mSELECT sqlite_version(*)[0m
  [1m[35m (14.7ms)[0m  [1m[35mCREATE TABLE "schema_migrations" ("version" varchar NOT NULL PRIMARY KEY)[0m
  [1m[35m (17.0ms)[0m  [1m[35mCREATE TABLE "ar_internal_metadata" ("key" varchar NOT NULL PRIMARY KEY, "value" varchar, "created_at" datetime NOT NULL, "updated_at" datetime NOT NULL)[0m
  [1m[35m (0.3ms)[0m  [1m[34mSELECT "schema_migrations"."version" FROM "schema_migrations" ORDER BY "schema_migrations"."version" ASC[0m
Migrating to DeviseCreateUsers (20190319225229)
  [1m[35m (0.1ms)[0m  [1m[36mbegin transaction[0m
  [1m[35m (0.6ms)[0m  [1m[35mCREATE TABLE "users" ("id" integer PRIMARY KEY AUTOINCREMENT NOT NULL, "picture" varchar, "first_name" varchar, "last_name" varchar, "gender" varchar, "age" integer, "street_address" varchar, "city" varchar, "state" varchar, "country" varchar, "nationality" varchar, "native_language" varchar, "interested_language1" varchar, "language1_level" varchar, "interested_language2" varchar, "language2_level" varchar, "introduction" varchar, "disable" boolean, "email" varchar DEFAULT '' NOT NULL, "encrypted_password" varchar DEFAULT '' NOT NULL, "reset_password_token" varchar, "reset_password_sent_at" datetime, "remember_created_at" datetime, "created_at" datetime NOT NULL, "updated_at" datetime NOT NULL)[0m
  [1m[35m (0.8ms)[0m  [1m[35mCREATE UNIQUE INDEX "index_users_on_email" ON "users" ("email")[0m
  [1m[35m (0.2ms)[0m  [1m[35mCREATE UNIQUE INDEX "index_users_on_reset_password_token" ON "users" ("reset_password_token")[0m
  [1m[36mActiveRecord::SchemaMigration Create (0.2ms)[0m  [1m[32mINSERT INTO "schema_migrations" ("version") VALUES (?)[0m  [["version", "20190319225229"]]
  [1m[35m (18.7ms)[0m  [1m[36mcommit transaction[0m
  [1m[36mActiveRecord::InternalMetadata Load (0.3ms)[0m  [1m[34mSELECT  "ar_internal_metadata".* FROM "ar_internal_metadata" WHERE "ar_internal_metadata"."key" = ? LIMIT ?[0m  [["key", "environment"], ["LIMIT", 1]]
  [1m[35m (0.1ms)[0m  [1m[36mbegin transaction[0m
  [1m[36mActiveRecord::InternalMetadata Create (0.5ms)[0m  [1m[32mINSERT INTO "ar_internal_metadata" ("key", "value", "created_at", "updated_at") VALUES (?, ?, ?, ?)[0m  [["key", "environment"], ["value", "development"], ["created_at", "2019-03-26 20:34:21.517062"], ["updated_at", "2019-03-26 20:34:21.517062"]]
  [1m[35m (11.8ms)[0m  [1m[36mcommit transaction[0m
  [1m[35m (0.2ms)[0m  [1m[34mSELECT "schema_migrations"."version" FROM "schema_migrations" ORDER BY "schema_migrations"."version" ASC[0m
DEPRECATION WARNING: Leaving `ActiveRecord::ConnectionAdapters::SQLite3Adapter.represent_boolean_as_integer`
set to false is deprecated. SQLite databases have used 't' and 'f' to serialize
boolean values and must have old data converted to 1 and 0 (its native boolean
serialization) before setting this flag to true. Conversion can be accomplished
by setting up a rake task which runs

  ExampleModel.where("boolean_column = 't'").update_all(boolean_column: 1)
  ExampleModel.where("boolean_column = 'f'").update_all(boolean_column: 0)

for all models and all boolean columns, after which the flag must be set to
true by adding the following to your application.rb file:

  Rails.application.config.active_record.sqlite3.represent_boolean_as_integer = true
 (called from <top (required)> at /home/ubuntu/workspace/learn-together/app/models/user.rb:1)
